[2025-07-11 10:46:30.493] AT
[2025-07-11 10:46:34.276] OK
[2025-07-11 10:47:49.545] AT+CSQ
[2025-07-11 10:47:55.514] +CSQ: 12,99
[2025-07-11 10:47:55.514] 
[2025-07-11 10:47:55.514] OK
[2025-07-11 10:48:35.235] AT+CMGS="+918281261746"
[2025-07-11 10:48:54.823] > CAVLI MESMS TEST
[2025-07-11 10:49:14.279] 
[2025-07-11 10:49:14.279] +CMGS: 58
[2025-07-11 10:49:14.279] 
[2025-07-11 10:49:14.279] OK
[2025-07-11 10:53:53.053] AT+CMGR=1
[2025-07-11 10:53:57.447] OK
[2025-07-11 10:54:06.889] AT+CMGL="ALL"
[2025-07-11 10:54:35.873] +CMGL: 0,"REC UNREAD","+919496914786",,"25/07/11,10:54:07+22"
[2025-07-11 10:54:35.894] SMS RECEIVE TEST
[2025-07-11 10:54:35.894] 
[2025-07-11 10:54:35.894] OK
[2025-07-11 10:54:39.914] AT+CMGR=0
[2025-07-11 10:54:43.797] +CMGR: "REC READ","+919496914786",,"25/07/11,10:54:07+22"
[2025-07-11 10:54:43.797] SMS RECEIVE TEST
[2025-07-11 10:54:43.797] 
[2025-07-11 10:54:43.797] OK
[2025-07-11 10:55:13.230] AT+CMGR=1
[2025-07-11 10:55:16.902] +CMGR: "REC UNREAD","+919496914786",,"25/07/11,10:55:28+22"
[2025-07-11 10:55:16.902] HAPPY TESTING
[2025-07-11 10:55:16.902] 
[2025-07-11 10:55:16.902] OK
